<?xml version="1.0" encoding="UTF-8"?>
<coverage generated="1424652641">
  <project timestamp="1424652641">
      <file name="/home/jacke/Desktop/codacy-php/src/Codacy/Coverage/Parser/Parser.php">
        <class name="Parser" namespace="Codacy\Coverage\Parser">
          <metrics methods="1" coveredmethods="0" conditionals="0" coveredconditionals="0" statements="14" coveredstatements="0" elements="15" coveredelements="0"/>
        </class>
        <class name="CloverParser" namespace="Codacy\Coverage\Parser">
          <metrics methods="4" coveredmethods="2" conditionals="0" coveredconditionals="0" statements="32" coveredstatements="15" elements="36" coveredelements="17"/>
        </class>
        <line num="16" type="method" name="makeJson" crap="6" count="0"/>
        <line num="17" type="stmt" count="0"/>
        <line num="18" type="stmt" count="0"/>
        <line num="20" type="stmt" count="0"/>
        <line num="21" type="stmt" count="0"/>
        <line num="23" type="stmt" count="0"/>
        <line num="24" type="stmt" count="0"/>
        <line num="25" type="stmt" count="0"/>
        <line num="26" type="stmt" count="0"/>
        <line num="27" type="stmt" count="0"/>
        <line num="29" type="stmt" count="0"/>
        <line num="30" type="stmt" count="0"/>
        <line num="31" type="stmt" count="0"/>
        <line num="32" type="stmt" count="0"/>
        <line num="33" type="stmt" count="0"/>
        <line num="43" type="method" name="__construct" crap="2" count="1"/>
        <line num="44" type="stmt" count="1"/>
        <line num="45" type="stmt" count="1"/>
        <line num="47" type="method" name="makeJson" crap="2" count="0"/>
        <line num="48" type="stmt" count="0"/>
        <line num="49" type="stmt" count="0"/>
        <line num="52" type="method" name="makeReport" crap="1" count="1"/>
        <line num="53" type="stmt" count="1"/>
        <line num="54" type="stmt" count="1"/>
        <line num="55" type="stmt" count="1"/>
        <line num="56" type="stmt" count="1"/>
        <line num="57" type="stmt" count="1"/>
        <line num="58" type="stmt" count="1"/>
        <line num="59" type="stmt" count="1"/>
        <line num="60" type="stmt" count="1"/>
        <line num="61" type="stmt" count="1"/>
        <line num="65" type="method" name="makeFileReports" crap="17.30" count="1"/>
        <line num="66" type="stmt" count="1"/>
        <line num="67" type="stmt" count="1"/>
        <line num="68" type="stmt" count="0"/>
        <line num="69" type="stmt" count="0"/>
        <line num="70" type="stmt" count="0"/>
        <line num="71" type="stmt" count="0"/>
        <line num="72" type="stmt" count="0"/>
        <line num="73" type="stmt" count="0"/>
        <line num="74" type="stmt" count="0"/>
        <line num="75" type="stmt" count="0"/>
        <line num="76" type="stmt" count="0"/>
        <line num="77" type="stmt" count="0"/>
        <line num="78" type="stmt" count="0"/>
        <line num="79" type="stmt" count="0"/>
        <line num="80" type="stmt" count="0"/>
        <line num="81" type="stmt" count="0"/>
        <line num="82" type="stmt" count="0"/>
        <line num="83" type="stmt" count="1"/>
        <line num="84" type="stmt" count="1"/>
        <metrics loc="86" ncloc="66" classes="2" methods="5" coveredmethods="2" conditionals="0" coveredconditionals="0" statements="46" coveredstatements="15" elements="51" coveredelements="17"/>
      </file>
      <file name="/home/jacke/Desktop/codacy-php/src/Codacy/Coverage/Report/CoverageReport.php">
        <class name="CoverageReport" namespace="Codacy\Coverage\Report">
          <metrics methods="3" coveredmethods="2" conditionals="0" coveredconditionals="0" statements="5" coveredstatements="4" elements="8" coveredelements="6"/>
        </class>
        <class name="FileReport" namespace="Codacy\Coverage\Report">
          <metrics methods="4" coveredmethods="0" conditionals="0" coveredconditionals="0" statements="7" coveredstatements="0" elements="11" coveredelements="0"/>
        </class>
        <line num="10" type="method" name="__construct" crap="1" count="1"/>
        <line num="11" type="stmt" count="1"/>
        <line num="12" type="stmt" count="1"/>
        <line num="13" type="stmt" count="1"/>
        <line num="15" type="method" name="getTotal" crap="1" count="1"/>
        <line num="16" type="stmt" count="1"/>
        <line num="18" type="method" name="getFileReports" crap="2" count="0"/>
        <line num="19" type="stmt" count="0"/>
        <line num="29" type="method" name="__construct" crap="2" count="0"/>
        <line num="30" type="stmt" count="0"/>
        <line num="31" type="stmt" count="0"/>
        <line num="32" type="stmt" count="0"/>
        <line num="33" type="stmt" count="0"/>
        <line num="35" type="method" name="getTotal" crap="2" count="0"/>
        <line num="36" type="stmt" count="0"/>
        <line num="38" type="method" name="getFileName" crap="2" count="0"/>
        <line num="39" type="stmt" count="0"/>
        <line num="41" type="method" name="getLineCoverage" crap="2" count="0"/>
        <line num="42" type="stmt" count="0"/>
        <metrics loc="43" ncloc="39" classes="2" methods="7" coveredmethods="2" conditionals="0" coveredconditionals="0" statements="12" coveredstatements="4" elements="19" coveredelements="6"/>
      </file>
      <file name="/home/jacke/Desktop/codacy-php/vendor/sebastian/global-state/src/Blacklist.php">
        <class name="Blacklist" namespace="SebastianBergmann\GlobalState">
          <metrics methods="8" coveredmethods="1" conditionals="0" coveredconditionals="0" statements="34" coveredstatements="1" elements="42" coveredelements="2"/>
        </class>
        <line num="90" type="method" name="addGlobalVariable" crap="2" count="0"/>
        <line num="92" type="stmt" count="0"/>
        <line num="93" type="stmt" count="0"/>
        <line num="98" type="method" name="addClass" crap="2" count="0"/>
        <line num="100" type="stmt" count="0"/>
        <line num="101" type="stmt" count="0"/>
        <line num="106" type="method" name="addSubclassesOf" crap="2" count="0"/>
        <line num="108" type="stmt" count="0"/>
        <line num="109" type="stmt" count="0"/>
        <line num="114" type="method" name="addImplementorsOf" crap="2" count="0"/>
        <line num="116" type="stmt" count="0"/>
        <line num="117" type="stmt" count="0"/>
        <line num="122" type="method" name="addClassNamePrefix" crap="2" count="0"/>
        <line num="124" type="stmt" count="0"/>
        <line num="125" type="stmt" count="0"/>
        <line num="131" type="method" name="addStaticAttribute" crap="6" count="0"/>
        <line num="133" type="stmt" count="0"/>
        <line num="134" type="stmt" count="0"/>
        <line num="135" type="stmt" count="0"/>
        <line num="137" type="stmt" count="0"/>
        <line num="138" type="stmt" count="0"/>
        <line num="144" type="method" name="isGlobalVariableBlacklisted" crap="1" count="1"/>
        <line num="146" type="stmt" count="1"/>
        <line num="154" type="method" name="isStaticAttributeBlacklisted" crap="90" count="0"/>
        <line num="156" type="stmt" count="0"/>
        <line num="157" type="stmt" count="0"/>
        <line num="160" type="stmt" count="0"/>
        <line num="161" type="stmt" count="0"/>
        <line num="162" type="stmt" count="0"/>
        <line num="164" type="stmt" count="0"/>
        <line num="166" type="stmt" count="0"/>
        <line num="168" type="stmt" count="0"/>
        <line num="169" type="stmt" count="0"/>
        <line num="170" type="stmt" count="0"/>
        <line num="172" type="stmt" count="0"/>
        <line num="174" type="stmt" count="0"/>
        <line num="175" type="stmt" count="0"/>
        <line num="176" type="stmt" count="0"/>
        <line num="178" type="stmt" count="0"/>
        <line num="180" type="stmt" count="0"/>
        <line num="181" type="stmt" count="0"/>
        <line num="184" type="stmt" count="0"/>
        <metrics loc="186" ncloc="92" classes="1" methods="8" coveredmethods="1" conditionals="0" coveredconditionals="0" statements="34" coveredstatements="1" elements="42" coveredelements="2"/>
      </file>
      <file name="/home/jacke/Desktop/codacy-php/vendor/sebastian/global-state/src/Restorer.php">
        <class name="Restorer" namespace="SebastianBergmann\GlobalState">
          <metrics methods="4" coveredmethods="0" conditionals="0" coveredconditionals="0" statements="49" coveredstatements="32" elements="53" coveredelements="32"/>
        </class>
        <line num="64" type="method" name="restoreFunctions" crap="12" count="0"/>
        <line num="66" type="stmt" count="0"/>
        <line num="67" type="stmt" count="0"/>
        <line num="70" type="stmt" count="0"/>
        <line num="72" type="stmt" count="0"/>
        <line num="73" type="stmt" count="0"/>
        <line num="74" type="stmt" count="0"/>
        <line num="75" type="stmt" count="0"/>
        <line num="82" type="method" name="restoreGlobalVariables" crap="7.01" count="1"/>
        <line num="84" type="stmt" count="1"/>
        <line num="86" type="stmt" count="1"/>
        <line num="87" type="stmt" count="1"/>
        <line num="88" type="stmt" count="1"/>
        <line num="90" type="stmt" count="1"/>
        <line num="92" type="stmt" count="1"/>
        <line num="93" type="stmt" count="1"/>
        <line num="94" type="stmt" count="1"/>
        <line num="95" type="stmt" count="1"/>
        <line num="96" type="stmt" count="1"/>
        <line num="97" type="stmt" count="1"/>
        <line num="98" type="stmt" count="1"/>
        <line num="99" type="stmt" count="0"/>
        <line num="101" type="stmt" count="1"/>
        <line num="102" type="stmt" count="1"/>
        <line num="103" type="stmt" count="1"/>
        <line num="110" type="method" name="restoreStaticAttributes" crap="12" count="0"/>
        <line num="112" type="stmt" count="0"/>
        <line num="113" type="stmt" count="0"/>
        <line num="114" type="stmt" count="0"/>
        <line num="115" type="stmt" count="0"/>
        <line num="116" type="stmt" count="0"/>
        <line num="117" type="stmt" count="0"/>
        <line num="118" type="stmt" count="0"/>
        <line num="119" type="stmt" count="0"/>
        <line num="127" type="method" name="restoreSuperGlobalArray" crap="6.01" count="1"/>
        <line num="129" type="stmt" count="1"/>
        <line num="131" type="stmt" count="1"/>
        <line num="132" type="stmt" count="1"/>
        <line num="133" type="stmt" count="1"/>
        <line num="134" type="stmt" count="1"/>
        <line num="135" type="stmt" count="1"/>
        <line num="136" type="stmt" count="1"/>
        <line num="137" type="stmt" count="1"/>
        <line num="138" type="stmt" count="1"/>
        <line num="139" type="stmt" count="1"/>
        <line num="141" type="stmt" count="1"/>
        <line num="142" type="stmt" count="1"/>
        <line num="143" type="stmt" count="1"/>
        <line num="144" type="stmt" count="1"/>
        <line num="145" type="stmt" count="0"/>
        <line num="147" type="stmt" count="1"/>
        <line num="148" type="stmt" count="1"/>
        <line num="149" type="stmt" count="1"/>
        <metrics loc="150" ncloc="79" classes="1" methods="4" coveredmethods="0" conditionals="0" coveredconditionals="0" statements="49" coveredstatements="32" elements="53" coveredelements="32"/>
      </file>
      <file name="/home/jacke/Desktop/codacy-php/vendor/sebastian/global-state/src/Snapshot.php">
        <class name="Snapshot" namespace="SebastianBergmann\GlobalState">
          <metrics methods="22" coveredmethods="7" conditionals="0" coveredconditionals="0" statements="130" coveredstatements="52" elements="152" coveredelements="59"/>
        </class>
        <line num="132" type="method" name="__construct" crap="28.41" count="1"/>
        <line num="134" type="stmt" count="1"/>
        <line num="135" type="stmt" count="0"/>
        <line num="136" type="stmt" count="0"/>
        <line num="138" type="stmt" count="1"/>
        <line num="140" type="stmt" count="1"/>
        <line num="141" type="stmt" count="0"/>
        <line num="142" type="stmt" count="0"/>
        <line num="144" type="stmt" count="1"/>
        <line num="145" type="stmt" count="0"/>
        <line num="146" type="stmt" count="0"/>
        <line num="148" type="stmt" count="1"/>
        <line num="149" type="stmt" count="0"/>
        <line num="150" type="stmt" count="0"/>
        <line num="152" type="stmt" count="1"/>
        <line num="153" type="stmt" count="0"/>
        <line num="154" type="stmt" count="0"/>
        <line num="156" type="stmt" count="1"/>
        <line num="157" type="stmt" count="1"/>
        <line num="158" type="stmt" count="1"/>
        <line num="159" type="stmt" count="1"/>
        <line num="161" type="stmt" count="1"/>
        <line num="162" type="stmt" count="0"/>
        <line num="163" type="stmt" count="0"/>
        <line num="165" type="stmt" count="1"/>
        <line num="166" type="stmt" count="0"/>
        <line num="167" type="stmt" count="0"/>
        <line num="169" type="stmt" count="1"/>
        <line num="170" type="stmt" count="0"/>
        <line num="171" type="stmt" count="0"/>
        <line num="173" type="stmt" count="1"/>
        <line num="174" type="stmt" count="1"/>
        <line num="175" type="stmt" count="1"/>
        <line num="176" type="stmt" count="1"/>
        <line num="181" type="method" name="blacklist" crap="1" count="1"/>
        <line num="183" type="stmt" count="1"/>
        <line num="189" type="method" name="globalVariables" crap="1" count="1"/>
        <line num="191" type="stmt" count="1"/>
        <line num="197" type="method" name="superGlobalVariables" crap="1" count="1"/>
        <line num="199" type="stmt" count="1"/>
        <line num="207" type="method" name="superGlobalArrays" crap="1" count="1"/>
        <line num="209" type="stmt" count="1"/>
        <line num="215" type="method" name="staticAttributes" crap="2" count="0"/>
        <line num="217" type="stmt" count="0"/>
        <line num="223" type="method" name="iniSettings" crap="2" count="0"/>
        <line num="225" type="stmt" count="0"/>
        <line num="231" type="method" name="includedFiles" crap="2" count="0"/>
        <line num="233" type="stmt" count="0"/>
        <line num="239" type="method" name="constants" crap="2" count="0"/>
        <line num="241" type="stmt" count="0"/>
        <line num="247" type="method" name="functions" crap="2" count="0"/>
        <line num="249" type="stmt" count="0"/>
        <line num="255" type="method" name="interfaces" crap="2" count="0"/>
        <line num="257" type="stmt" count="0"/>
        <line num="263" type="method" name="classes" crap="2" count="0"/>
        <line num="265" type="stmt" count="0"/>
        <line num="271" type="method" name="traits" crap="2" count="0"/>
        <line num="273" type="stmt" count="0"/>
        <line num="279" type="method" name="snapshotConstants" crap="6" count="0"/>
        <line num="281" type="stmt" count="0"/>
        <line num="283" type="stmt" count="0"/>
        <line num="284" type="stmt" count="0"/>
        <line num="285" type="stmt" count="0"/>
        <line num="286" type="stmt" count="0"/>
        <line num="291" type="method" name="snapshotFunctions" crap="2" count="0"/>
        <line num="293" type="stmt" count="0"/>
        <line num="295" type="stmt" count="0"/>
        <line num="296" type="stmt" count="0"/>
        <line num="301" type="method" name="snapshotClasses" crap="12" count="0"/>
        <line num="303" type="stmt" count="0"/>
        <line num="304" type="stmt" count="0"/>
        <line num="306" type="stmt" count="0"/>
        <line num="307" type="stmt" count="0"/>
        <line num="310" type="stmt" count="0"/>
        <line num="311" type="stmt" count="0"/>
        <line num="313" type="stmt" count="0"/>
        <line num="314" type="stmt" count="0"/>
        <line num="319" type="method" name="snapshotInterfaces" crap="12" count="0"/>
        <line num="321" type="stmt" count="0"/>
        <line num="322" type="stmt" count="0"/>
        <line num="324" type="stmt" count="0"/>
        <line num="325" type="stmt" count="0"/>
        <line num="328" type="stmt" count="0"/>
        <line num="329" type="stmt" count="0"/>
        <line num="331" type="stmt" count="0"/>
        <line num="332" type="stmt" count="0"/>
        <line num="337" type="method" name="snapshotGlobals" crap="7" count="1"/>
        <line num="339" type="stmt" count="1"/>
        <line num="341" type="stmt" count="1"/>
        <line num="342" type="stmt" count="1"/>
        <line num="343" type="stmt" count="1"/>
        <line num="345" type="stmt" count="1"/>
        <line num="346" type="stmt" count="1"/>
        <line num="347" type="stmt" count="1"/>
        <line num="348" type="stmt" count="1"/>
        <line num="349" type="stmt" count="1"/>
        <line num="350" type="stmt" count="1"/>
        <line num="351" type="stmt" count="1"/>
        <line num="352" type="stmt" count="1"/>
        <line num="353" type="stmt" count="1"/>
        <line num="360" type="method" name="snapshotSuperGlobalArray" crap="4" count="1"/>
        <line num="362" type="stmt" count="1"/>
        <line num="364" type="stmt" count="1"/>
        <line num="365" type="stmt" count="1"/>
        <line num="366" type="stmt" count="1"/>
        <line num="367" type="stmt" count="1"/>
        <line num="368" type="stmt" count="1"/>
        <line num="369" type="stmt" count="1"/>
        <line num="374" type="method" name="snapshotStaticAttributes" crap="56" count="0"/>
        <line num="376" type="stmt" count="0"/>
        <line num="377" type="stmt" count="0"/>
        <line num="378" type="stmt" count="0"/>
        <line num="380" type="stmt" count="0"/>
        <line num="381" type="stmt" count="0"/>
        <line num="382" type="stmt" count="0"/>
        <line num="384" type="stmt" count="0"/>
        <line num="385" type="stmt" count="0"/>
        <line num="388" type="stmt" count="0"/>
        <line num="389" type="stmt" count="0"/>
        <line num="391" type="stmt" count="0"/>
        <line num="392" type="stmt" count="0"/>
        <line num="393" type="stmt" count="0"/>
        <line num="394" type="stmt" count="0"/>
        <line num="395" type="stmt" count="0"/>
        <line num="397" type="stmt" count="0"/>
        <line num="398" type="stmt" count="0"/>
        <line num="399" type="stmt" count="0"/>
        <line num="400" type="stmt" count="0"/>
        <line num="401" type="stmt" count="0"/>
        <line num="408" type="method" name="setupSuperGlobalArrays" crap="2.50" count="1"/>
        <line num="410" type="stmt" count="1"/>
        <line num="411" type="stmt" count="1"/>
        <line num="412" type="stmt" count="1"/>
        <line num="413" type="stmt" count="1"/>
        <line num="414" type="stmt" count="1"/>
        <line num="415" type="stmt" count="1"/>
        <line num="416" type="stmt" count="1"/>
        <line num="418" type="stmt" count="1"/>
        <line num="420" type="stmt" count="1"/>
        <line num="421" type="stmt" count="0"/>
        <line num="422" type="stmt" count="0"/>
        <line num="424" type="stmt" count="0"/>
        <line num="425" type="stmt" count="0"/>
        <line num="426" type="stmt" count="0"/>
        <line num="427" type="stmt" count="0"/>
        <line num="428" type="stmt" count="0"/>
        <line num="430" type="stmt" count="0"/>
        <line num="431" type="stmt" count="0"/>
        <line num="432" type="stmt" count="0"/>
        <line num="433" type="stmt" count="1"/>
        <line num="440" type="method" name="canBeSerialized" crap="1" count="1"/>
        <line num="441" type="stmt" count="1"/>
        <metrics loc="443" ncloc="274" classes="1" methods="22" coveredmethods="7" conditionals="0" coveredconditionals="0" statements="130" coveredstatements="52" elements="152" coveredelements="59"/>
      </file>
    <metrics files="5" loc="908" ncloc="550" classes="7" methods="46" coveredmethods="12" conditionals="0" coveredconditionals="0" statements="271" coveredstatements="104" elements="317" coveredelements="116"/>
  </project>
</coverage>
